<?xml version="1.0" encoding="UTF-8"?>
<!-- Generated by org.testng.reporters.JUnitReportReporter -->
<testsuite skipped="0" hostname="ramon-dbn9" name="chapter06.twotables.PersistTest" tests="1" failures="0" timestamp="21 jun 2018 04:51:12 GMT" time="3.809" errors="0">
  <testcase name="createTables" time="3.809" classname="chapter06.twotables.PersistTest"/>
</testsuite> <!-- chapter06.twotables.PersistTest -->
