<?xml version="1.0" encoding="UTF-8"?>
<!-- Generated by org.testng.reporters.JUnitReportReporter -->
<testsuite skipped="0" hostname="ramon-dbn9" name="chapter04.mapped.RelationshipTest" tests="1" failures="0" timestamp="12 jun 2018 05:33:47 GMT" time="206.417" errors="0">
  <testcase name="testMerge" time="206.417" classname="chapter04.mapped.RelationshipTest"/>
</testsuite> <!-- chapter04.mapped.RelationshipTest -->
