<?xml version="1.0" encoding="UTF-8"?>
<!-- Generated by org.testng.reporters.JUnitReportReporter -->
<testsuite skipped="0" hostname="ramon-dbn9" name="com.autumncode.hibernate.util.HibernateRankingService" tests="1" failures="0" timestamp="06 jun 2018 01:06:55 GMT" time="0.886" errors="0">
  <testcase name="testRankings" time="0.886" classname="com.autumncode.hibernate.util.HibernateRankingService"/>
</testsuite> <!-- com.autumncode.hibernate.util.HibernateRankingService -->
