<?xml version="1.0" encoding="UTF-8"?>
<!-- Generated by org.testng.reporters.JUnitReportReporter -->
<testsuite skipped="0" hostname="ramon-dbn9" name="chapter03.simple.ModelTest" tests="1" failures="0" timestamp="30 mai 2018 03:07:45 GMT" time="0.016" errors="0">
  <testcase name="testModelCreation" time="0.016" classname="chapter03.simple.ModelTest"/>
</testsuite> <!-- chapter03.simple.ModelTest -->
