<?xml version="1.0" encoding="UTF-8"?>
<!-- Generated by org.testng.reporters.JUnitReportReporter -->
<testsuite skipped="0" hostname="ramon-dbn9" name="com.autumncode.hibernate.util.AddRankingTest" tests="1" failures="0" timestamp="06 jun 2018 02:40:13 GMT" time="7.185" errors="0">
  <testcase name="findBestForNonexistentSkill" time="7.185" classname="com.autumncode.hibernate.util.AddRankingTest"/>
</testsuite> <!-- com.autumncode.hibernate.util.AddRankingTest -->
