<?xml version="1.0" encoding="UTF-8"?>
<!-- Generated by org.testng.reporters.JUnitReportReporter -->
<testsuite skipped="0" hostname="ramon-dbn9" name="chapter3.hibernate.PersonTest" tests="1" failures="0" timestamp="05 jun 2018 00:21:31 GMT" time="0.192" errors="0">
  <testcase name="testSavePerson" time="0.192" classname="chapter3.hibernate.PersonTest"/>
</testsuite> <!-- chapter3.hibernate.PersonTest -->
