<?xml version="1.0" encoding="UTF-8"?>
<!-- Generated by org.testng.reporters.JUnitReportReporter -->
<testsuite skipped="1" hostname="ramon-dbn9" name="chapter3.hibernate.RankingTest" tests="2" failures="0" timestamp="30 mai 2018 04:05:33 GMT" time="1.967" errors="1">
  <testcase name="testSaveRanking" time="0.000" classname="chapter3.hibernate.RankingTest">
    <skipped/>
  </testcase> <!-- testSaveRanking -->
  <testcase name="setup" time="1.967" classname="chapter3.hibernate.RankingTest">
    <error type="org.hibernate.MappingException" message="Could not determine type for: chapter03.simple.Person, at table: Ranking, for columns: [org.hibernate.mapping.Column(person_id)]">
      <![CDATA[org.hibernate.MappingException: Could not determine type for: chapter03.simple.Person, at table: Ranking, for columns: [org.hibernate.mapping.Column(person_id)]
at org.hibernate.mapping.SimpleValue.getType(SimpleValue.java:456)
at org.hibernate.mapping.SimpleValue.isValid(SimpleValue.java:423)
at org.hibernate.mapping.Property.isValid(Property.java:226)
at org.hibernate.mapping.PersistentClass.validate(PersistentClass.java:597)
at org.hibernate.mapping.RootClass.validate(RootClass.java:265)
at org.hibernate.boot.internal.MetadataImpl.validate(MetadataImpl.java:329)
at org.hibernate.boot.internal.SessionFactoryBuilderImpl.build(SessionFactoryBuilderImpl.java:459)
at org.hibernate.boot.internal.MetadataImpl.buildSessionFactory(MetadataImpl.java:170)
at chapter3.hibernate.RankingTest.setup(RankingTest.java:26)
at sun.reflect.NativeMethodAccessorImpl.invoke0(Native Method)
at sun.reflect.NativeMethodAccessorImpl.invoke(NativeMethodAccessorImpl.java:62)
at sun.reflect.DelegatingMethodAccessorImpl.invoke(DelegatingMethodAccessorImpl.java:43)
at java.lang.reflect.Method.invoke(Method.java:498)
at org.testng.internal.MethodInvocationHelper.invokeMethod(MethodInvocationHelper.java:124)
at org.testng.internal.MethodInvocationHelper.invokeMethodConsideringTimeout(MethodInvocationHelper.java:59)
at org.testng.internal.Invoker.invokeConfigurationMethod(Invoker.java:458)
at org.testng.internal.Invoker.invokeConfigurations(Invoker.java:222)
at org.testng.internal.Invoker.invokeConfigurations(Invoker.java:142)
at org.testng.internal.TestMethodWorker.invokeBeforeClassMethods(TestMethodWorker.java:168)
at org.testng.internal.TestMethodWorker.run(TestMethodWorker.java:105)
at org.testng.TestRunner.privateRun(TestRunner.java:648)
at org.testng.TestRunner.run(TestRunner.java:505)
at org.testng.SuiteRunner.runTest(SuiteRunner.java:455)
at org.testng.SuiteRunner.runSequentially(SuiteRunner.java:450)
at org.testng.SuiteRunner.privateRun(SuiteRunner.java:415)
at org.testng.SuiteRunner.run(SuiteRunner.java:364)
at org.testng.SuiteRunnerWorker.runSuite(SuiteRunnerWorker.java:52)
at org.testng.SuiteRunnerWorker.run(SuiteRunnerWorker.java:84)
at org.testng.TestNG.runSuitesSequentially(TestNG.java:1208)
at org.testng.TestNG.runSuitesLocally(TestNG.java:1137)
at org.testng.TestNG.runSuites(TestNG.java:1049)
at org.testng.TestNG.run(TestNG.java:1017)
at org.testng.remote.AbstractRemoteTestNG.run(AbstractRemoteTestNG.java:114)
at org.testng.remote.RemoteTestNG.initAndRun(RemoteTestNG.java:251)
at org.testng.remote.RemoteTestNG.main(RemoteTestNG.java:77)
]]>
    </error>
  </testcase> <!-- setup -->
</testsuite> <!-- chapter3.hibernate.RankingTest -->
