<?xml version="1.0" encoding="UTF-8"?>
<!-- Generated by org.testng.reporters.JUnitReportReporter -->
<testsuite skipped="0" hostname="ramon-dbn9" name="chapter2.hibernate.PersistenceTest" tests="2" failures="0" timestamp="28 mai 2018 03:14:33 GMT" time="0.362" errors="0">
  <testcase name="readMessage" time="0.139" classname="chapter2.hibernate.PersistenceTest"/>
  <testcase name="saveMessage" time="0.223" classname="chapter2.hibernate.PersistenceTest"/>
</testsuite> <!-- chapter2.hibernate.PersistenceTest -->
