<?xml version="1.0" encoding="UTF-8"?>
<!-- Generated by org.testng.reporters.JUnitReportReporter -->
<testsuite skipped="0" hostname="ramon-dbn9" name="chapter04.orphan.OrphanRemovalTest" tests="1" failures="0" timestamp="12 jun 2018 06:26:00 GMT" time="4.334" errors="0">
  <testcase name="orphanRemovalTest" time="4.334" classname="chapter04.orphan.OrphanRemovalTest"/>
</testsuite> <!-- chapter04.orphan.OrphanRemovalTest -->
