<?xml version="1.0" encoding="UTF-8"?>
<!-- Generated by org.testng.reporters.JUnitReportReporter -->
<testsuite skipped="0" hostname="ramon-dbn9" name="chapter04.broken.RelationshipTest" tests="1" failures="0" timestamp="07 jun 2018 04:08:48 GMT" time="6.033" errors="0">
  <testcase name="testBrokenInversionCode" time="6.033" classname="chapter04.broken.RelationshipTest"/>
</testsuite> <!-- chapter04.broken.RelationshipTest -->
